<?xml version="1.0" encoding="UTF-8"?>
<!-- Generated by org.testng.reporters.JUnitReportReporter -->
<testsuite hostname="Gurleens-MacBook-Pro.local" failures="0" tests="1" name="DataDrivenTests.Get_All_Emplyees" time="0.064" errors="0" timestamp="2024-09-01T15:49:01 EDT" skipped="0">
  <testcase classname="DataDrivenTests.Get_All_Emplyees" name="printEmployees" time="0.064"/>
</testsuite> <!-- DataDrivenTests.Get_All_Emplyees -->
