<?xml version="1.0" encoding="UTF-8"?>
<!-- Generated by org.testng.reporters.JUnitReportReporter -->
<testsuite hostname="Gurleens-MacBook-Pro.local" failures="0" tests="1" name="trelloCalls.APItrello" time="2.657" errors="0" timestamp="2024-08-20T20:37:29 EDT" skipped="0">
  <testcase classname="trelloCalls.APItrello" name="registerNewParam" time="2.657"/>
</testsuite> <!-- trelloCalls.APItrello -->
