<?xml version="1.0" encoding="UTF-8"?>
<!-- Generated by org.testng.reporters.JUnitReportReporter -->
<testsuite hostname="Gurleens-MacBook-Pro.local" failures="0" tests="3" name="DataDrivenTests.AddNewEmployees" time="2.077" errors="0" timestamp="2024-09-01T15:13:49 EDT" skipped="0">
  <testcase classname="DataDrivenTests.AddNewEmployees" name="addNewEmployess" time="1.538"/>
  <testcase classname="DataDrivenTests.AddNewEmployees" name="addNewEmployess" time="0.263"/>
  <testcase classname="DataDrivenTests.AddNewEmployees" name="addNewEmployess" time="0.276"/>
</testsuite> <!-- DataDrivenTests.AddNewEmployees -->
